lun oct 7 16:47:21 -03 2019 /var/www/html/glpi/plugins/ocsinventoryng/scripts/ocsng_fullsync.sh started
	Manage delete items in all OCS server
=====================================================
=====================================================
=====================================================
=====================================================
	Thread #1: starting (1/2)
	Thread #1: done!!
=====================================================
=====================================================
	Thread #2: starting (2/2)
	Thread #2: done!!
=====================================================
cleaning up.
lun oct 7 16:47:23 -03 2019 ended
lun oct 7 16:56:50 -03 2019 /var/www/html/glpi/plugins/ocsinventoryng/scripts/ocsng_fullsync.sh started
	Manage delete items in all OCS server
=====================================================
=====================================================
=====================================================
=====================================================
	Thread #1: starting (1/2)
	Thread #1: done!!
=====================================================
=====================================================
	Thread #2: starting (2/2)
	Thread #2: done!!
=====================================================
cleaning up.
lun oct 7 16:56:52 -03 2019 ended
lun oct 7 16:57:26 -03 2019 /var/www/html/glpi/plugins/ocsinventoryng/scripts/ocsng_fullsync.sh started
	Manage delete items in all OCS server
=====================================================
=====================================================
=====================================================
=====================================================
	Thread #1: starting (1/2)
	Thread #1: done!!
=====================================================
=====================================================
	Thread #2: starting (2/2)
	Thread #2: done!!
=====================================================
cleaning up.
lun oct 7 16:57:28 -03 2019 ended
